[debug] [2023-07-21T13:39:57.354Z] ----------------------------------------------------------------------
[debug] [2023-07-21T13:39:57.356Z] Command:       C:\Program\nodejs\node.exe C:\Program\nodejs\node_modules\firebase-tools\lib\bin\firebase.js init
[debug] [2023-07-21T13:39:57.356Z] CLI Version:   12.4.5
[debug] [2023-07-21T13:39:57.357Z] Platform:      win32
[debug] [2023-07-21T13:39:57.357Z] Node Version:  v18.17.0
[debug] [2023-07-21T13:39:57.358Z] Time:          Fri Jul 21 2023 22:39:57 GMT+0900 (日本標準時)
[debug] [2023-07-21T13:39:57.358Z] ----------------------------------------------------------------------
[debug] 
[debug] [2023-07-21T13:39:57.365Z] > command requires scopes: ["email","openid","https://www.googleapis.com/auth/cloudplatformprojects.readonly","https://www.googleapis.com/auth/firebase","https://www.googleapis.com/auth/cloud-platform"]
[debug] [2023-07-21T13:39:57.365Z] > authorizing via signed-in user (armis12365@gmail.com)
[info] 
     ######## #### ########  ######## ########     ###     ######  ########
     ##        ##  ##     ## ##       ##     ##  ##   ##  ##       ##
     ######    ##  ########  ######   ########  #########  ######  ######
     ##        ##  ##    ##  ##       ##     ## ##     ##       ## ##
     ##       #### ##     ## ######## ########  ##     ##  ######  ########

You're about to initialize a Firebase project in this directory:

  E:\Documents\GitHub\account-of-expenses

[info] 
=== Project Setup
[info] 
[info] First, let's associate this project directory with a Firebase project.
[info] You can create multiple project aliases by running firebase use --add, 
[info] but for now we'll just set up a default project.
[info] 
[debug] [2023-07-21T13:40:09.489Z] >>> [apiv2][query] GET https://firebase.googleapis.com/v1beta1/projects pageSize=100
[debug] [2023-07-21T13:40:10.175Z] <<< [apiv2][status] GET https://firebase.googleapis.com/v1beta1/projects 200
[debug] [2023-07-21T13:40:10.175Z] <<< [apiv2][body] GET https://firebase.googleapis.com/v1beta1/projects [omitted]
[info] i  Using project account-of-expenses (account-of-expenses) 
[info] 
=== Firestore Setup
[debug] [2023-07-21T13:40:11.087Z] >>> [apiv2][query] GET https://serviceusage.googleapis.com/v1/projects/account-of-expenses/services/firestore.googleapis.com [none]
[debug] [2023-07-21T13:40:11.087Z] >>> [apiv2][(partial)header] GET https://serviceusage.googleapis.com/v1/projects/account-of-expenses/services/firestore.googleapis.com x-goog-quota-user=projects/account-of-expenses
[debug] [2023-07-21T13:40:12.170Z] <<< [apiv2][status] GET https://serviceusage.googleapis.com/v1/projects/account-of-expenses/services/firestore.googleapis.com 200
[debug] [2023-07-21T13:40:12.171Z] <<< [apiv2][body] GET https://serviceusage.googleapis.com/v1/projects/account-of-expenses/services/firestore.googleapis.com [omitted]
[debug] [2023-07-21T13:40:12.171Z] >>> [apiv2][query] GET https://firestore.googleapis.com/v1/projects/account-of-expenses/databases/(default) [none]
[debug] [2023-07-21T13:40:12.356Z] <<< [apiv2][status] GET https://firestore.googleapis.com/v1/projects/account-of-expenses/databases/(default) 200
[debug] [2023-07-21T13:40:12.356Z] <<< [apiv2][body] GET https://firestore.googleapis.com/v1/projects/account-of-expenses/databases/(default) {"name":"projects/account-of-expenses/databases/(default)","uid":"4a5d54b7-0d2d-4bae-8540-a9efc51ce4f7","createTime":"2023-07-21T13:08:38.444872Z","updateTime":"2023-07-21T13:08:38.444872Z","locationId":"asia-northeast1","type":"FIRESTORE_NATIVE","concurrencyMode":"PESSIMISTIC","versionRetentionPeriod":"3600s","earliestVersionTime":"2023-07-21T13:08:38.444872Z","appEngineIntegrationMode":"ENABLED","keyPrefix":"b","pointInTimeRecoveryEnablement":"POINT_IN_TIME_RECOVERY_DISABLED","deleteProtectionState":"DELETE_PROTECTION_DISABLED","etag":"ILfLkbv2n4ADMPyu/vj0n4AD"}
[debug] [2023-07-21T13:40:12.356Z] database_type: FIRESTORE_NATIVE
[debug] [2023-07-21T13:40:12.356Z] > command requires scopes: ["email","openid","https://www.googleapis.com/auth/cloudplatformprojects.readonly","https://www.googleapis.com/auth/firebase","https://www.googleapis.com/auth/cloud-platform"]
[debug] [2023-07-21T13:40:12.356Z] > authorizing via signed-in user (armis12365@gmail.com)
[debug] [2023-07-21T13:40:12.356Z] [iam] checking project account-of-expenses for permissions ["firebase.projects.get"]
[debug] [2023-07-21T13:40:12.357Z] >>> [apiv2][query] POST https://cloudresourcemanager.googleapis.com/v1/projects/account-of-expenses:testIamPermissions [none]
[debug] [2023-07-21T13:40:12.357Z] >>> [apiv2][(partial)header] POST https://cloudresourcemanager.googleapis.com/v1/projects/account-of-expenses:testIamPermissions x-goog-quota-user=projects/account-of-expenses
[debug] [2023-07-21T13:40:12.357Z] >>> [apiv2][body] POST https://cloudresourcemanager.googleapis.com/v1/projects/account-of-expenses:testIamPermissions {"permissions":["firebase.projects.get"]}
[debug] [2023-07-21T13:40:13.025Z] <<< [apiv2][status] POST https://cloudresourcemanager.googleapis.com/v1/projects/account-of-expenses:testIamPermissions 200
[debug] [2023-07-21T13:40:13.026Z] <<< [apiv2][body] POST https://cloudresourcemanager.googleapis.com/v1/projects/account-of-expenses:testIamPermissions {"permissions":["firebase.projects.get"]}
[info] 
[info] Firestore Security Rules allow you to define how and when to allow
[info] requests. You can keep these rules in your project directory
[info] and publish them with firebase deploy.
[info] 
[info] 
[info] Firestore indexes allow you to perform complex queries while
[info] maintaining performance that scales with the size of the result
[info] set. You can keep index definitions in your project directory
[info] and publish them with firebase deploy.
[info] 
[info] 
=== Functions Setup
[debug] [2023-07-21T13:40:27.248Z] > command requires scopes: ["email","openid","https://www.googleapis.com/auth/cloudplatformprojects.readonly","https://www.googleapis.com/auth/firebase","https://www.googleapis.com/auth/cloud-platform"]
[debug] [2023-07-21T13:40:27.248Z] > authorizing via signed-in user (armis12365@gmail.com)
[debug] [2023-07-21T13:40:27.248Z] [iam] checking project account-of-expenses for permissions ["firebase.projects.get"]
[debug] [2023-07-21T13:40:27.248Z] >>> [apiv2][query] POST https://cloudresourcemanager.googleapis.com/v1/projects/account-of-expenses:testIamPermissions [none]
[debug] [2023-07-21T13:40:27.248Z] >>> [apiv2][(partial)header] POST https://cloudresourcemanager.googleapis.com/v1/projects/account-of-expenses:testIamPermissions x-goog-quota-user=projects/account-of-expenses
[debug] [2023-07-21T13:40:27.248Z] >>> [apiv2][body] POST https://cloudresourcemanager.googleapis.com/v1/projects/account-of-expenses:testIamPermissions {"permissions":["firebase.projects.get"]}
[debug] [2023-07-21T13:40:27.894Z] <<< [apiv2][status] POST https://cloudresourcemanager.googleapis.com/v1/projects/account-of-expenses:testIamPermissions 200
[debug] [2023-07-21T13:40:27.895Z] <<< [apiv2][body] POST https://cloudresourcemanager.googleapis.com/v1/projects/account-of-expenses:testIamPermissions {"permissions":["firebase.projects.get"]}
[debug] [2023-07-21T13:40:27.895Z] >>> [apiv2][query] GET https://serviceusage.googleapis.com/v1/projects/account-of-expenses/services/cloudfunctions.googleapis.com [none]
[debug] [2023-07-21T13:40:27.895Z] >>> [apiv2][(partial)header] GET https://serviceusage.googleapis.com/v1/projects/account-of-expenses/services/cloudfunctions.googleapis.com x-goog-quota-user=projects/account-of-expenses
[debug] [2023-07-21T13:40:27.896Z] >>> [apiv2][query] GET https://serviceusage.googleapis.com/v1/projects/account-of-expenses/services/runtimeconfig.googleapis.com [none]
[debug] [2023-07-21T13:40:27.896Z] >>> [apiv2][(partial)header] GET https://serviceusage.googleapis.com/v1/projects/account-of-expenses/services/runtimeconfig.googleapis.com x-goog-quota-user=projects/account-of-expenses
[debug] [2023-07-21T13:40:28.929Z] <<< [apiv2][status] GET https://serviceusage.googleapis.com/v1/projects/account-of-expenses/services/cloudfunctions.googleapis.com 200
[debug] [2023-07-21T13:40:28.929Z] <<< [apiv2][body] GET https://serviceusage.googleapis.com/v1/projects/account-of-expenses/services/cloudfunctions.googleapis.com [omitted]
[debug] [2023-07-21T13:40:28.942Z] <<< [apiv2][status] GET https://serviceusage.googleapis.com/v1/projects/account-of-expenses/services/runtimeconfig.googleapis.com 200
[debug] [2023-07-21T13:40:28.942Z] <<< [apiv2][body] GET https://serviceusage.googleapis.com/v1/projects/account-of-expenses/services/runtimeconfig.googleapis.com [omitted]
[info] 
Detected existing codebase(s): default

[info] Let's create a new codebase for your functions.
[info] A directory corresponding to the codebase will be created in your project
[info] with sample code pre-configured.

[info] See https://firebase.google.com/docs/functions/organize-functions for
[info] more information on organizing your functions using codebases.

[info] Functions can be deployed with firebase deploy.

[error] Invalid codebase name. Codebase must be less than 64 characters and can contain only lowercase letters, numeric characters, underscores, and dashes.
